<?xml version="1.0" encoding="UTF-8"?>
<testng-results ignored="0" total="1" passed="1" failed="0" skipped="0">
  <reporter-output>
  </reporter-output>
  <suite started-at="2019-08-30T17:57:39Z" name="Default suite" finished-at="2019-08-30T17:57:57Z" duration-ms="18370">
    <groups>
    </groups>
    <test started-at="2019-08-30T17:57:39Z" name="Default test" finished-at="2019-08-30T17:57:57Z" duration-ms="18370">
      <class name="zavrsniProjekat.Test7">
        <test-method is-config="true" signature="launchApplication()[pri:0, instance:zavrsniProjekat.Test7@5ad851c9]" started-at="2019-08-30T17:57:39Z" name="launchApplication" finished-at="2019-08-30T17:57:43Z" duration-ms="4108" status="PASS">
          <reporter-output>
          </reporter-output>
        </test-method> <!-- launchApplication -->
        <test-method signature="Test1a()[pri:0, instance:zavrsniProjekat.Test7@5ad851c9]" started-at="2019-08-30T17:57:43Z" name="Test1a" finished-at="2019-08-30T17:57:56Z" duration-ms="13195" status="PASS">
          <reporter-output>
          </reporter-output>
        </test-method> <!-- Test1a -->
        <test-method is-config="true" signature="closeBrowser()[pri:0, instance:zavrsniProjekat.Test7@5ad851c9]" started-at="2019-08-30T17:57:56Z" name="closeBrowser" finished-at="2019-08-30T17:57:57Z" duration-ms="1019" status="PASS">
          <reporter-output>
          </reporter-output>
        </test-method> <!-- closeBrowser -->
      </class> <!-- zavrsniProjekat.Test7 -->
    </test> <!-- Default test -->
  </suite> <!-- Default suite -->
</testng-results>
